running develop
running egg_info
creating comand.egg-info
writing comand.egg-info/PKG-INFO
writing dependency_links to comand.egg-info/dependency_links.txt
writing requirements to comand.egg-info/requires.txt
writing top-level names to comand.egg-info/top_level.txt
writing manifest file 'comand.egg-info/SOURCES.txt'
reading manifest file 'comand.egg-info/SOURCES.txt'
writing manifest file 'comand.egg-info/SOURCES.txt'
running build_ext
Creating /home/pabli/ass1/install/comand/lib/python3.12/site-packages/comand.egg-link (link to .)

Installed /home/pabli/ass1/build/comand
running symlink_data
creating /home/pabli/ass1/install/comand/share/ament_index
creating /home/pabli/ass1/install/comand/share/ament_index/resource_index
creating /home/pabli/ass1/install/comand/share/ament_index/resource_index/packages
symbolically linking /home/pabli/ass1/build/comand/resource/comand -> /home/pabli/ass1/install/comand/share/ament_index/resource_index/packages
symbolically linking /home/pabli/ass1/build/comand/package.xml -> /home/pabli/ass1/install/comand/share/comand
creating /home/pabli/ass1/install/comand/share/comand/launch
symbolically linking /home/pabli/ass1/build/comand/launch/simulation.launch.py -> /home/pabli/ass1/install/comand/share/comand/launch
creating /home/pabli/ass1/install/comand/share/comand/worlds
symbolically linking /home/pabli/ass1/build/comand/worlds/teste.sdf -> /home/pabli/ass1/install/comand/share/comand/worlds
symbolically linking /home/pabli/ass1/build/comand/worlds/building_robot.sdf -> /home/pabli/ass1/install/comand/share/comand/worlds
creating /home/pabli/ass1/install/comand/share/comand/models
creating /home/pabli/ass1/install/comand/share/comand/models/diff_robot
symbolically linking /home/pabli/ass1/build/comand/models/diff_robot/model.sdf -> /home/pabli/ass1/install/comand/share/comand/models/diff_robot
symbolically linking /home/pabli/ass1/build/comand/models/diff_robot/model.config -> /home/pabli/ass1/install/comand/share/comand/models/diff_robot
creating /home/pabli/ass1/install/comand/share/comand/models/cinco
symbolically linking /home/pabli/ass1/build/comand/models/cinco/model.sdf -> /home/pabli/ass1/install/comand/share/comand/models/cinco
symbolically linking /home/pabli/ass1/build/comand/models/cinco/model.config -> /home/pabli/ass1/install/comand/share/comand/models/cinco
creating /home/pabli/ass1/install/comand/share/comand/models/cinco/meshes
symbolically linking /home/pabli/ass1/build/comand/models/cinco/meshes/cinco.stl -> /home/pabli/ass1/install/comand/share/comand/models/cinco/meshes
