[1.304s] Invoking command in '/home/pabli/ass1/build/comand': PYTHONPATH=/home/pabli/ass1/build/comand/prefix_override:/usr/lib/python3/dist-packages/colcon_core/task/python/colcon_distutils_commands:/home/pabli/ass1/install/comand/lib/python3.12/site-packages:${PYTHONPATH} /usr/bin/python3 -W ignore:setup.py install is deprecated -W ignore:easy_install command is deprecated setup.py develop --editable --build-directory /home/pabli/ass1/build/comand/build --no-deps symlink_data
[1.742s] running develop
[1.948s] running egg_info
[1.948s] creating comand.egg-info
[1.968s] writing comand.egg-info/PKG-INFO
[1.969s] writing dependency_links to comand.egg-info/dependency_links.txt
[1.969s] writing requirements to comand.egg-info/requires.txt
[1.969s] writing top-level names to comand.egg-info/top_level.txt
[1.969s] writing manifest file 'comand.egg-info/SOURCES.txt'
[2.009s] reading manifest file 'comand.egg-info/SOURCES.txt'
[2.010s] writing manifest file 'comand.egg-info/SOURCES.txt'
[2.031s] running build_ext
[2.032s] Creating /home/pabli/ass1/install/comand/lib/python3.12/site-packages/comand.egg-link (link to .)
[2.033s] 
[2.033s] Installed /home/pabli/ass1/build/comand
[2.033s] running symlink_data
[2.033s] creating /home/pabli/ass1/install/comand/share/ament_index
[2.034s] creating /home/pabli/ass1/install/comand/share/ament_index/resource_index
[2.034s] creating /home/pabli/ass1/install/comand/share/ament_index/resource_index/packages
[2.034s] symbolically linking /home/pabli/ass1/build/comand/resource/comand -> /home/pabli/ass1/install/comand/share/ament_index/resource_index/packages
[2.034s] symbolically linking /home/pabli/ass1/build/comand/package.xml -> /home/pabli/ass1/install/comand/share/comand
[2.034s] creating /home/pabli/ass1/install/comand/share/comand/launch
[2.035s] symbolically linking /home/pabli/ass1/build/comand/launch/simulation.launch.py -> /home/pabli/ass1/install/comand/share/comand/launch
[2.035s] creating /home/pabli/ass1/install/comand/share/comand/worlds
[2.035s] symbolically linking /home/pabli/ass1/build/comand/worlds/teste.sdf -> /home/pabli/ass1/install/comand/share/comand/worlds
[2.035s] symbolically linking /home/pabli/ass1/build/comand/worlds/building_robot.sdf -> /home/pabli/ass1/install/comand/share/comand/worlds
[2.035s] creating /home/pabli/ass1/install/comand/share/comand/models
[2.036s] creating /home/pabli/ass1/install/comand/share/comand/models/diff_robot
[2.036s] symbolically linking /home/pabli/ass1/build/comand/models/diff_robot/model.sdf -> /home/pabli/ass1/install/comand/share/comand/models/diff_robot
[2.036s] symbolically linking /home/pabli/ass1/build/comand/models/diff_robot/model.config -> /home/pabli/ass1/install/comand/share/comand/models/diff_robot
[2.036s] creating /home/pabli/ass1/install/comand/share/comand/models/cinco
[2.036s] symbolically linking /home/pabli/ass1/build/comand/models/cinco/model.sdf -> /home/pabli/ass1/install/comand/share/comand/models/cinco
[2.036s] symbolically linking /home/pabli/ass1/build/comand/models/cinco/model.config -> /home/pabli/ass1/install/comand/share/comand/models/cinco
[2.036s] creating /home/pabli/ass1/install/comand/share/comand/models/cinco/meshes
[2.036s] symbolically linking /home/pabli/ass1/build/comand/models/cinco/meshes/cinco.stl -> /home/pabli/ass1/install/comand/share/comand/models/cinco/meshes
[2.070s] Invoked command in '/home/pabli/ass1/build/comand' returned '0': PYTHONPATH=/home/pabli/ass1/build/comand/prefix_override:/usr/lib/python3/dist-packages/colcon_core/task/python/colcon_distutils_commands:/home/pabli/ass1/install/comand/lib/python3.12/site-packages:${PYTHONPATH} /usr/bin/python3 -W ignore:setup.py install is deprecated -W ignore:easy_install command is deprecated setup.py develop --editable --build-directory /home/pabli/ass1/build/comand/build --no-deps symlink_data
