running egg_info
creating ../build/comand/comand.egg-info
writing ../build/comand/comand.egg-info/PKG-INFO
writing dependency_links to ../build/comand/comand.egg-info/dependency_links.txt
writing requirements to ../build/comand/comand.egg-info/requires.txt
writing top-level names to ../build/comand/comand.egg-info/top_level.txt
writing manifest file '../build/comand/comand.egg-info/SOURCES.txt'
reading manifest file '../build/comand/comand.egg-info/SOURCES.txt'
writing manifest file '../build/comand/comand.egg-info/SOURCES.txt'
running build
running build_py
creating /home/bob5t0nl0v3r/Documents/M.IA/a1/s2/TRI/ass1/build/comand/build
creating /home/bob5t0nl0v3r/Documents/M.IA/a1/s2/TRI/ass1/build/comand/build/lib
creating /home/bob5t0nl0v3r/Documents/M.IA/a1/s2/TRI/ass1/build/comand/build/lib/comand
copying comand/__init__.py -> /home/bob5t0nl0v3r/Documents/M.IA/a1/s2/TRI/ass1/build/comand/build/lib/comand
running install
running install_lib
creating /home/bob5t0nl0v3r/Documents/M.IA/a1/s2/TRI/ass1/install/comand/lib/python3.12/site-packages/comand
copying /home/bob5t0nl0v3r/Documents/M.IA/a1/s2/TRI/ass1/build/comand/build/lib/comand/__init__.py -> /home/bob5t0nl0v3r/Documents/M.IA/a1/s2/TRI/ass1/install/comand/lib/python3.12/site-packages/comand
byte-compiling /home/bob5t0nl0v3r/Documents/M.IA/a1/s2/TRI/ass1/install/comand/lib/python3.12/site-packages/comand/__init__.py to __init__.cpython-312.pyc
running install_data
creating /home/bob5t0nl0v3r/Documents/M.IA/a1/s2/TRI/ass1/install/comand/share/ament_index
creating /home/bob5t0nl0v3r/Documents/M.IA/a1/s2/TRI/ass1/install/comand/share/ament_index/resource_index
creating /home/bob5t0nl0v3r/Documents/M.IA/a1/s2/TRI/ass1/install/comand/share/ament_index/resource_index/packages
copying resource/comand -> /home/bob5t0nl0v3r/Documents/M.IA/a1/s2/TRI/ass1/install/comand/share/ament_index/resource_index/packages
copying package.xml -> /home/bob5t0nl0v3r/Documents/M.IA/a1/s2/TRI/ass1/install/comand/share/comand
running install_egg_info
Copying ../build/comand/comand.egg-info to /home/bob5t0nl0v3r/Documents/M.IA/a1/s2/TRI/ass1/install/comand/lib/python3.12/site-packages/comand-0.0.0-py3.12.egg-info
running install_scripts
writing list of installed files to '/home/bob5t0nl0v3r/Documents/M.IA/a1/s2/TRI/ass1/build/comand/install.log'
