[1.222s] Invoking command in '/home/bob5t0nl0v3r/Documents/M.IA/a1/s2/TRI/ass1/comand': DEBUGINFOD_URLS=https://debuginfod.ubuntu.com PYTHONPATH=/home/bob5t0nl0v3r/Documents/M.IA/a1/s2/TRI/ass1/build/comand/prefix_override:/usr/lib/python3/dist-packages/colcon_core/task/python/colcon_distutils_commands:/home/bob5t0nl0v3r/Documents/M.IA/a1/s2/TRI/ass1/install/comand/lib/python3.12/site-packages:${PYTHONPATH} /usr/bin/python3 -W ignore:setup.py install is deprecated -W ignore:easy_install command is deprecated setup.py egg_info --egg-base ../build/comand build --build-base /home/bob5t0nl0v3r/Documents/M.IA/a1/s2/TRI/ass1/build/comand/build install --record /home/bob5t0nl0v3r/Documents/M.IA/a1/s2/TRI/ass1/build/comand/install.log --single-version-externally-managed install_data
[1.534s] running egg_info
[1.535s] creating ../build/comand/comand.egg-info
[1.546s] writing ../build/comand/comand.egg-info/PKG-INFO
[1.546s] writing dependency_links to ../build/comand/comand.egg-info/dependency_links.txt
[1.546s] writing requirements to ../build/comand/comand.egg-info/requires.txt
[1.546s] writing top-level names to ../build/comand/comand.egg-info/top_level.txt
[1.546s] writing manifest file '../build/comand/comand.egg-info/SOURCES.txt'
[1.576s] reading manifest file '../build/comand/comand.egg-info/SOURCES.txt'
[1.577s] writing manifest file '../build/comand/comand.egg-info/SOURCES.txt'
[1.577s] running build
[1.577s] running build_py
[1.577s] creating /home/bob5t0nl0v3r/Documents/M.IA/a1/s2/TRI/ass1/build/comand/build
[1.577s] creating /home/bob5t0nl0v3r/Documents/M.IA/a1/s2/TRI/ass1/build/comand/build/lib
[1.577s] creating /home/bob5t0nl0v3r/Documents/M.IA/a1/s2/TRI/ass1/build/comand/build/lib/comand
[1.577s] copying comand/__init__.py -> /home/bob5t0nl0v3r/Documents/M.IA/a1/s2/TRI/ass1/build/comand/build/lib/comand
[1.577s] running install
[1.583s] running install_lib
[1.597s] creating /home/bob5t0nl0v3r/Documents/M.IA/a1/s2/TRI/ass1/install/comand/lib/python3.12/site-packages/comand
[1.597s] copying /home/bob5t0nl0v3r/Documents/M.IA/a1/s2/TRI/ass1/build/comand/build/lib/comand/__init__.py -> /home/bob5t0nl0v3r/Documents/M.IA/a1/s2/TRI/ass1/install/comand/lib/python3.12/site-packages/comand
[1.597s] byte-compiling /home/bob5t0nl0v3r/Documents/M.IA/a1/s2/TRI/ass1/install/comand/lib/python3.12/site-packages/comand/__init__.py to __init__.cpython-312.pyc
[1.598s] running install_data
[1.598s] creating /home/bob5t0nl0v3r/Documents/M.IA/a1/s2/TRI/ass1/install/comand/share/ament_index
[1.598s] creating /home/bob5t0nl0v3r/Documents/M.IA/a1/s2/TRI/ass1/install/comand/share/ament_index/resource_index
[1.598s] creating /home/bob5t0nl0v3r/Documents/M.IA/a1/s2/TRI/ass1/install/comand/share/ament_index/resource_index/packages
[1.598s] copying resource/comand -> /home/bob5t0nl0v3r/Documents/M.IA/a1/s2/TRI/ass1/install/comand/share/ament_index/resource_index/packages
[1.598s] copying package.xml -> /home/bob5t0nl0v3r/Documents/M.IA/a1/s2/TRI/ass1/install/comand/share/comand
[1.598s] running install_egg_info
[1.615s] Copying ../build/comand/comand.egg-info to /home/bob5t0nl0v3r/Documents/M.IA/a1/s2/TRI/ass1/install/comand/lib/python3.12/site-packages/comand-0.0.0-py3.12.egg-info
[1.615s] running install_scripts
[1.739s] writing list of installed files to '/home/bob5t0nl0v3r/Documents/M.IA/a1/s2/TRI/ass1/build/comand/install.log'
[1.767s] Invoked command in '/home/bob5t0nl0v3r/Documents/M.IA/a1/s2/TRI/ass1/comand' returned '0': DEBUGINFOD_URLS=https://debuginfod.ubuntu.com PYTHONPATH=/home/bob5t0nl0v3r/Documents/M.IA/a1/s2/TRI/ass1/build/comand/prefix_override:/usr/lib/python3/dist-packages/colcon_core/task/python/colcon_distutils_commands:/home/bob5t0nl0v3r/Documents/M.IA/a1/s2/TRI/ass1/install/comand/lib/python3.12/site-packages:${PYTHONPATH} /usr/bin/python3 -W ignore:setup.py install is deprecated -W ignore:easy_install command is deprecated setup.py egg_info --egg-base ../build/comand build --build-base /home/bob5t0nl0v3r/Documents/M.IA/a1/s2/TRI/ass1/build/comand/build install --record /home/bob5t0nl0v3r/Documents/M.IA/a1/s2/TRI/ass1/build/comand/install.log --single-version-externally-managed install_data
