[1.161s] Invoking command in '/home/bob5t0nl0v3r/Documents/M.IA/a1/s2/TRI/ass1/build/comand': DEBUGINFOD_URLS=https://debuginfod.ubuntu.com PYTHONPATH=/home/bob5t0nl0v3r/Documents/M.IA/a1/s2/TRI/ass1/build/comand/prefix_override:/usr/lib/python3/dist-packages/colcon_core/task/python/colcon_distutils_commands:/home/bob5t0nl0v3r/Documents/M.IA/a1/s2/TRI/ass1/install/comand/lib/python3.12/site-packages:${PYTHONPATH} /usr/bin/python3 -W ignore:setup.py install is deprecated -W ignore:easy_install command is deprecated setup.py develop --editable --build-directory /home/bob5t0nl0v3r/Documents/M.IA/a1/s2/TRI/ass1/build/comand/build --no-deps symlink_data
[1.848s] running develop
[2.103s] running egg_info
[2.103s] creating comand.egg-info
[2.118s] writing comand.egg-info/PKG-INFO
[2.119s] writing dependency_links to comand.egg-info/dependency_links.txt
[2.119s] writing requirements to comand.egg-info/requires.txt
[2.119s] writing top-level names to comand.egg-info/top_level.txt
[2.119s] writing manifest file 'comand.egg-info/SOURCES.txt'
[2.157s] reading manifest file 'comand.egg-info/SOURCES.txt'
[2.157s] writing manifest file 'comand.egg-info/SOURCES.txt'
[2.176s] running build_ext
[2.176s] Creating /home/bob5t0nl0v3r/Documents/M.IA/a1/s2/TRI/ass1/install/comand/lib/python3.12/site-packages/comand.egg-link (link to .)
[2.176s] 
[2.176s] Installed /home/bob5t0nl0v3r/Documents/M.IA/a1/s2/TRI/ass1/build/comand
[2.176s] running symlink_data
[2.176s] creating /home/bob5t0nl0v3r/Documents/M.IA/a1/s2/TRI/ass1/install/comand/share/ament_index
[2.177s] creating /home/bob5t0nl0v3r/Documents/M.IA/a1/s2/TRI/ass1/install/comand/share/ament_index/resource_index
[2.177s] creating /home/bob5t0nl0v3r/Documents/M.IA/a1/s2/TRI/ass1/install/comand/share/ament_index/resource_index/packages
[2.177s] symbolically linking /home/bob5t0nl0v3r/Documents/M.IA/a1/s2/TRI/ass1/build/comand/resource/comand -> /home/bob5t0nl0v3r/Documents/M.IA/a1/s2/TRI/ass1/install/comand/share/ament_index/resource_index/packages
[2.177s] symbolically linking /home/bob5t0nl0v3r/Documents/M.IA/a1/s2/TRI/ass1/build/comand/package.xml -> /home/bob5t0nl0v3r/Documents/M.IA/a1/s2/TRI/ass1/install/comand/share/comand
[2.177s] creating /home/bob5t0nl0v3r/Documents/M.IA/a1/s2/TRI/ass1/install/comand/share/comand/launch
[2.177s] symbolically linking /home/bob5t0nl0v3r/Documents/M.IA/a1/s2/TRI/ass1/build/comand/launch/simulation.launch.py -> /home/bob5t0nl0v3r/Documents/M.IA/a1/s2/TRI/ass1/install/comand/share/comand/launch
[2.177s] creating /home/bob5t0nl0v3r/Documents/M.IA/a1/s2/TRI/ass1/install/comand/share/comand/worlds
[2.177s] symbolically linking /home/bob5t0nl0v3r/Documents/M.IA/a1/s2/TRI/ass1/build/comand/worlds/building_robot.sdf -> /home/bob5t0nl0v3r/Documents/M.IA/a1/s2/TRI/ass1/install/comand/share/comand/worlds
[2.177s] symbolically linking /home/bob5t0nl0v3r/Documents/M.IA/a1/s2/TRI/ass1/build/comand/worlds/teste.sdf -> /home/bob5t0nl0v3r/Documents/M.IA/a1/s2/TRI/ass1/install/comand/share/comand/worlds
[2.177s] creating /home/bob5t0nl0v3r/Documents/M.IA/a1/s2/TRI/ass1/install/comand/share/comand/models
[2.177s] creating /home/bob5t0nl0v3r/Documents/M.IA/a1/s2/TRI/ass1/install/comand/share/comand/models/cinco
[2.177s] symbolically linking /home/bob5t0nl0v3r/Documents/M.IA/a1/s2/TRI/ass1/build/comand/models/cinco/model.sdf -> /home/bob5t0nl0v3r/Documents/M.IA/a1/s2/TRI/ass1/install/comand/share/comand/models/cinco
[2.177s] symbolically linking /home/bob5t0nl0v3r/Documents/M.IA/a1/s2/TRI/ass1/build/comand/models/cinco/model.config -> /home/bob5t0nl0v3r/Documents/M.IA/a1/s2/TRI/ass1/install/comand/share/comand/models/cinco
[2.178s] creating /home/bob5t0nl0v3r/Documents/M.IA/a1/s2/TRI/ass1/install/comand/share/comand/models/cinco/meshes
[2.178s] symbolically linking /home/bob5t0nl0v3r/Documents/M.IA/a1/s2/TRI/ass1/build/comand/models/cinco/meshes/cinco.stl -> /home/bob5t0nl0v3r/Documents/M.IA/a1/s2/TRI/ass1/install/comand/share/comand/models/cinco/meshes
[2.178s] creating /home/bob5t0nl0v3r/Documents/M.IA/a1/s2/TRI/ass1/install/comand/share/comand/models/diff_robot
[2.178s] symbolically linking /home/bob5t0nl0v3r/Documents/M.IA/a1/s2/TRI/ass1/build/comand/models/diff_robot/model.sdf -> /home/bob5t0nl0v3r/Documents/M.IA/a1/s2/TRI/ass1/install/comand/share/comand/models/diff_robot
[2.178s] symbolically linking /home/bob5t0nl0v3r/Documents/M.IA/a1/s2/TRI/ass1/build/comand/models/diff_robot/model.config -> /home/bob5t0nl0v3r/Documents/M.IA/a1/s2/TRI/ass1/install/comand/share/comand/models/diff_robot
[2.207s] Invoked command in '/home/bob5t0nl0v3r/Documents/M.IA/a1/s2/TRI/ass1/build/comand' returned '0': DEBUGINFOD_URLS=https://debuginfod.ubuntu.com PYTHONPATH=/home/bob5t0nl0v3r/Documents/M.IA/a1/s2/TRI/ass1/build/comand/prefix_override:/usr/lib/python3/dist-packages/colcon_core/task/python/colcon_distutils_commands:/home/bob5t0nl0v3r/Documents/M.IA/a1/s2/TRI/ass1/install/comand/lib/python3.12/site-packages:${PYTHONPATH} /usr/bin/python3 -W ignore:setup.py install is deprecated -W ignore:easy_install command is deprecated setup.py develop --editable --build-directory /home/bob5t0nl0v3r/Documents/M.IA/a1/s2/TRI/ass1/build/comand/build --no-deps symlink_data
